<?xml version="1.0" encoding="UTF-8"?>
<testng-results ignored="0" total="1" passed="1" failed="0" skipped="0">
  <reporter-output>
  </reporter-output>
  <suite started-at="2023-12-06T15:59:43 IST" name="Default suite" finished-at="2023-12-06T15:59:49 IST" duration-ms="6265">
    <groups>
    </groups>
    <test started-at="2023-12-06T15:59:43 IST" name="Default test" finished-at="2023-12-06T15:59:49 IST" duration-ms="6265">
      <class name="TC001.case1">
        <test-method signature="searchletcode()[pri:0, instance:TC001.case1@776aec5c]" started-at="2023-12-06T15:59:43 IST" name="searchletcode" finished-at="2023-12-06T15:59:49 IST" duration-ms="6193" status="PASS">
          <reporter-output>
          </reporter-output>
        </test-method> <!-- searchletcode -->
      </class> <!-- TC001.case1 -->
    </test> <!-- Default test -->
  </suite> <!-- Default suite -->
</testng-results>
